<?xml version="1.0" encoding="utf-8"?><testsuites name="pytest tests"><testsuite name="pytest" errors="0" failures="0" skipped="0" tests="15" time="17.700" timestamp="2026-04-09T20:34:41.518296+00:00" hostname="agent-env-e9d5ef87-915d-4346-be30-2daa5612e094"><testcase classname="backend.tests.test_electrodesign_api.TestHealthAndAuth" name="test_api_auth_endpoint" time="0.153" /><testcase classname="backend.tests.test_electrodesign_api.TestHealthAndAuth" name="test_login_test_user" time="0.359" /><testcase classname="backend.tests.test_electrodesign_api.TestHealthAndAuth" name="test_login_admin_user" time="0.661" /><testcase classname="backend.tests.test_electrodesign_api.TestHealthAndAuth" name="test_login_invalid_credentials" time="0.137" /><testcase classname="backend.tests.test_electrodesign_api.TestPlansPage" name="test_plans_endpoint_returns_array" time="0.106" /><testcase classname="backend.tests.test_electrodesign_api.TestDemandModule" name="test_demand_calculate" time="0.620" /><testcase classname="backend.tests.test_electrodesign_api.TestVoltageDropModule" name="test_voltage_drop_calculate_bt" time="0.608" /><testcase classname="backend.tests.test_electrodesign_api.TestVoltageDropModule" name="test_voltage_drop_calculate_mt" time="0.604" /><testcase classname="backend.tests.test_electrodesign_api.TestBudgetModule" name="test_budget_generate" time="0.575" /><testcase classname="backend.tests.test_electrodesign_api.TestBudgetModule" name="test_budget_excel_upload" time="0.670" /><testcase classname="backend.tests.test_electrodesign_api.TestReportsModule" name="test_save_authorization_report" time="0.749" /><testcase classname="backend.tests.test_electrodesign_api.TestAIAnalysis" name="test_ai_analysis_endpoint_exists" time="10.896" /><testcase classname="backend.tests.test_electrodesign_api.TestAdminPanel" name="test_admin_users_endpoint" time="0.548" /><testcase classname="backend.tests.test_electrodesign_api.TestAdminPanel" name="test_admin_payment_configs_endpoint" time="0.460" /><testcase classname="backend.tests.test_electrodesign_api.TestConductors" name="test_conductors_list" time="0.467" /></testsuite></testsuites>